  [1m[36m (13.6ms)[0m  [1mCREATE TABLE "schema_migrations" ("version" varchar NOT NULL) [0m
  [1m[35m (0.1ms)[0m  select sqlite_version(*)
  [1m[36m (9.5ms)[0m  [1mCREATE UNIQUE INDEX "unique_schema_migrations" ON "schema_migrations" ("version")[0m
  [1m[35mActiveRecord::SchemaMigration Load (0.2ms)[0m  SELECT "schema_migrations".* FROM "schema_migrations"


Started GET "/" for 71.53.79.37 at 2016-01-16 04:43:05 +0000
Processing by WelcomeController#index as HTML
  Rendered welcome/index.html.erb within layouts/application (4.9ms)
Completed 200 OK in 1566ms (Views: 1550.4ms | ActiveRecord: 0.0ms)


Started GET "/assets/welcome.self-e3b0c44298fc1c149afbf4c8996fb92427ae41e4649b934ca495991b7852b855.css?body=1" for 71.53.79.37 at 2016-01-16 04:43:08 +0000


Started GET "/assets/application.self-e80e8f2318043e8af94dddc2adad5a4f09739a8ebb323b3ab31cd71d45fd9113.css?body=1" for 71.53.79.37 at 2016-01-16 04:43:08 +0000


Started GET "/assets/jquery.self-c64a74367bda6ef8b860f19e74df08927ca99d2be2ac934e9e92d5fd361e0da4.js?body=1" for 71.53.79.37 at 2016-01-16 04:43:08 +0000


Started GET "/assets/jquery_ujs.self-d602bdfe68ffc63b9f9cc512872aa3cfff046228a0a36e90dd476e8ef54c1b09.js?body=1" for 71.53.79.37 at 2016-01-16 04:43:08 +0000


Started GET "/assets/turbolinks.self-c37727e9bd6b2735da5c311aa83fead54ed0be6cc8bd9a65309e9c5abe2cbfff.js?body=1" for 71.53.79.37 at 2016-01-16 04:43:08 +0000


Started GET "/assets/welcome.self-877aef30ae1b040ab8a3aba4e3e309a11d7f2612f44dde450b5c157aa5f95c05.js?body=1" for 71.53.79.37 at 2016-01-16 04:43:08 +0000


Started GET "/assets/application.self-3b8dabdc891efe46b9a144b400ad69e37d7e5876bdc39dee783419a69d7ca819.js?body=1" for 71.53.79.37 at 2016-01-16 04:43:08 +0000


Started GET "/" for 71.53.79.37 at 2016-01-16 04:48:33 +0000
Processing by WelcomeController#index as HTML
  Rendered welcome/index.html.erb within layouts/application (2.4ms)
Completed 200 OK in 4046ms (Views: 4032.1ms | ActiveRecord: 0.0ms)


Started GET "/assets/application.self-0c81e2bfbfd877dea9bd6e3035ab1a9860bc2d0a7d17503c2d2df6d3755dcd29.css?body=1" for 71.53.79.37 at 2016-01-16 04:48:38 +0000


Started GET "/assets/bootstrap.self-d0e973a52d36a01036265aeefaf2d1ae3499d2cb231a9be3bd846432daf231de.js?body=1" for 71.53.79.37 at 2016-01-16 04:48:38 +0000


Started GET "/assets/application.self-f8806224e027f3e3f0138ea9ce99319e298dfdb323304d1f1be6eae8e8c74724.js?body=1" for 71.53.79.37 at 2016-01-16 04:48:38 +0000


Started GET "/welcome/index" for 71.53.79.37 at 2016-01-16 04:48:40 +0000
Processing by WelcomeController#index as HTML
  Rendered welcome/index.html.erb within layouts/application (0.4ms)
Completed 200 OK in 54ms (Views: 53.3ms | ActiveRecord: 0.0ms)


Started GET "/welcome/about" for 71.53.79.37 at 2016-01-16 04:48:41 +0000
Processing by WelcomeController#about as HTML
  Rendered welcome/about.html.erb within layouts/application (0.6ms)
Completed 200 OK in 143ms (Views: 142.2ms | ActiveRecord: 0.0ms)


Started GET "/welcome/index" for 71.53.79.37 at 2016-01-16 04:48:42 +0000
Processing by WelcomeController#index as HTML
  Rendered welcome/index.html.erb within layouts/application (0.1ms)
Completed 200 OK in 93ms (Views: 92.4ms | ActiveRecord: 0.0ms)


Started GET "/welcome/index" for 71.53.79.37 at 2016-01-16 04:51:42 +0000
Processing by WelcomeController#index as HTML
  Rendered welcome/index.html.erb within layouts/application (0.1ms)
Completed 200 OK in 51ms (Views: 50.4ms | ActiveRecord: 0.0ms)


Started GET "/assets/welcome.self-e3b0c44298fc1c149afbf4c8996fb92427ae41e4649b934ca495991b7852b855.css?body=1" for 71.53.79.37 at 2016-01-16 04:51:42 +0000


Started GET "/assets/application.self-0c81e2bfbfd877dea9bd6e3035ab1a9860bc2d0a7d17503c2d2df6d3755dcd29.css?body=1" for 71.53.79.37 at 2016-01-16 04:51:42 +0000


Started GET "/assets/jquery.self-c64a74367bda6ef8b860f19e74df08927ca99d2be2ac934e9e92d5fd361e0da4.js?body=1" for 71.53.79.37 at 2016-01-16 04:51:42 +0000


Started GET "/assets/jquery_ujs.self-d602bdfe68ffc63b9f9cc512872aa3cfff046228a0a36e90dd476e8ef54c1b09.js?body=1" for 71.53.79.37 at 2016-01-16 04:51:42 +0000


Started GET "/assets/turbolinks.self-c37727e9bd6b2735da5c311aa83fead54ed0be6cc8bd9a65309e9c5abe2cbfff.js?body=1" for 71.53.79.37 at 2016-01-16 04:51:42 +0000


Started GET "/assets/bootstrap.self-d0e973a52d36a01036265aeefaf2d1ae3499d2cb231a9be3bd846432daf231de.js?body=1" for 71.53.79.37 at 2016-01-16 04:51:42 +0000


Started GET "/assets/welcome.self-877aef30ae1b040ab8a3aba4e3e309a11d7f2612f44dde450b5c157aa5f95c05.js?body=1" for 71.53.79.37 at 2016-01-16 04:51:42 +0000


Started GET "/assets/application.self-f8806224e027f3e3f0138ea9ce99319e298dfdb323304d1f1be6eae8e8c74724.js?body=1" for 71.53.79.37 at 2016-01-16 04:51:42 +0000


Started GET "/welcome/index" for 71.53.79.37 at 2016-01-16 04:51:45 +0000
Processing by WelcomeController#index as HTML
  Rendered welcome/index.html.erb within layouts/application (0.1ms)
Completed 200 OK in 47ms (Views: 46.1ms | ActiveRecord: 0.0ms)


Started GET "/welcome/about" for 71.53.79.37 at 2016-01-16 04:51:46 +0000
Processing by WelcomeController#about as HTML
  Rendered welcome/about.html.erb within layouts/application (0.1ms)
Completed 200 OK in 50ms (Views: 49.7ms | ActiveRecord: 0.0ms)


Started GET "/welcome/index" for 71.53.79.37 at 2016-01-16 04:51:49 +0000
Processing by WelcomeController#index as HTML
  Rendered welcome/index.html.erb within layouts/application (0.0ms)
Completed 200 OK in 52ms (Views: 51.3ms | ActiveRecord: 0.0ms)
  [1m[36mActiveRecord::SchemaMigration Load (0.2ms)[0m  [1mSELECT "schema_migrations".* FROM "schema_migrations"[0m
Migrating to DeviseCreateUsers (20160116055801)
  [1m[35m (0.1ms)[0m  begin transaction
  [1m[36m (0.6ms)[0m  [1mCREATE TABLE "users" ("id" INTEGER PRIMARY KEY AUTOINCREMENT NOT NULL, "email" varchar DEFAULT '' NOT NULL, "encrypted_password" varchar DEFAULT '' NOT NULL, "reset_password_token" varchar, "reset_password_sent_at" datetime, "remember_created_at" datetime, "sign_in_count" integer DEFAULT 0 NOT NULL, "current_sign_in_at" datetime, "last_sign_in_at" datetime, "current_sign_in_ip" varchar, "last_sign_in_ip" varchar, "created_at" datetime NOT NULL, "updated_at" datetime NOT NULL) [0m
  [1m[35m (0.1ms)[0m  select sqlite_version(*)
  [1m[36m (0.7ms)[0m  [1mCREATE UNIQUE INDEX "index_users_on_email" ON "users" ("email")[0m
  [1m[35m (0.1ms)[0m              SELECT sql
            FROM sqlite_master
            WHERE name='index_users_on_email' AND type='index'
            UNION ALL
            SELECT sql
            FROM sqlite_temp_master
            WHERE name='index_users_on_email' AND type='index'

  [1m[36m (0.2ms)[0m  [1mCREATE UNIQUE INDEX "index_users_on_reset_password_token" ON "users" ("reset_password_token")[0m
  [1m[35mSQL (0.2ms)[0m  INSERT INTO "schema_migrations" ("version") VALUES (?)  [["version", "20160116055801"]]
  [1m[36m (13.0ms)[0m  [1mcommit transaction[0m
  [1m[35mActiveRecord::SchemaMigration Load (0.1ms)[0m  SELECT "schema_migrations".* FROM "schema_migrations"
  [1m[36m (0.2ms)[0m  [1m            SELECT sql
            FROM sqlite_master
            WHERE name='index_users_on_reset_password_token' AND type='index'
            UNION ALL
            SELECT sql
            FROM sqlite_temp_master
            WHERE name='index_users_on_reset_password_token' AND type='index'
[0m
  [1m[35m (0.2ms)[0m              SELECT sql
            FROM sqlite_master
            WHERE name='index_users_on_email' AND type='index'
            UNION ALL
            SELECT sql
            FROM sqlite_temp_master
            WHERE name='index_users_on_email' AND type='index'



Started GET "/" for 71.53.79.37 at 2016-01-16 05:59:51 +0000
  [1m[36mActiveRecord::SchemaMigration Load (0.2ms)[0m  [1mSELECT "schema_migrations".* FROM "schema_migrations"[0m
Processing by WelcomeController#index as HTML
Completed 401 Unauthorized in 24ms (ActiveRecord: 0.0ms)


Started GET "/users/sign_in" for 71.53.79.37 at 2016-01-16 05:59:51 +0000
Processing by Devise::SessionsController#new as HTML
  Rendered /usr/local/rvm/gems/ruby-2.3.0/gems/devise-3.5.3/app/views/devise/shared/_links.html.erb (8.3ms)
  Rendered /usr/local/rvm/gems/ruby-2.3.0/gems/devise-3.5.3/app/views/devise/sessions/new.html.erb within layouts/application (74.7ms)
Completed 500 Internal Server Error in 128ms (ActiveRecord: 0.7ms)

SyntaxError (/home/ubuntu/workspace/app/views/layouts/application.html.erb:30: syntax error, unexpected keyword_ensure, expecting keyword_end
/home/ubuntu/workspace/app/views/layouts/application.html.erb:32: syntax error, unexpected end-of-input, expecting keyword_end):
  app/views/layouts/application.html.erb:30: syntax error, unexpected keyword_ensure, expecting keyword_end
  app/views/layouts/application.html.erb:32: syntax error, unexpected end-of-input, expecting keyword_end


  Rendered /usr/local/rvm/gems/ruby-2.3.0/gems/actionpack-4.2.5/lib/action_dispatch/middleware/templates/rescues/_source.erb (11.6ms)
  Rendered /usr/local/rvm/gems/ruby-2.3.0/gems/actionpack-4.2.5/lib/action_dispatch/middleware/templates/rescues/_trace.html.erb (6.0ms)
  Rendered /usr/local/rvm/gems/ruby-2.3.0/gems/actionpack-4.2.5/lib/action_dispatch/middleware/templates/rescues/_request_and_response.html.erb (1.1ms)
  Rendered /usr/local/rvm/gems/ruby-2.3.0/gems/actionpack-4.2.5/lib/action_dispatch/middleware/templates/rescues/diagnostics.html.erb within rescues/layout (83.9ms)


Started GET "/users/sign_in" for 71.53.79.37 at 2016-01-16 06:01:19 +0000
Processing by Devise::SessionsController#new as HTML
  Rendered /usr/local/rvm/gems/ruby-2.3.0/gems/devise-3.5.3/app/views/devise/shared/_links.html.erb (3.3ms)
  Rendered /usr/local/rvm/gems/ruby-2.3.0/gems/devise-3.5.3/app/views/devise/sessions/new.html.erb within layouts/application (11.0ms)
Completed 200 OK in 339ms (Views: 336.8ms | ActiveRecord: 0.0ms)


Started GET "/assets/welcome.self-e3b0c44298fc1c149afbf4c8996fb92427ae41e4649b934ca495991b7852b855.css?body=1" for 71.53.79.37 at 2016-01-16 06:01:20 +0000


Started GET "/assets/application.self-0c81e2bfbfd877dea9bd6e3035ab1a9860bc2d0a7d17503c2d2df6d3755dcd29.css?body=1" for 71.53.79.37 at 2016-01-16 06:01:20 +0000


Started GET "/assets/jquery.self-c64a74367bda6ef8b860f19e74df08927ca99d2be2ac934e9e92d5fd361e0da4.js?body=1" for 71.53.79.37 at 2016-01-16 06:01:20 +0000


Started GET "/assets/turbolinks.self-c37727e9bd6b2735da5c311aa83fead54ed0be6cc8bd9a65309e9c5abe2cbfff.js?body=1" for 71.53.79.37 at 2016-01-16 06:01:20 +0000


Started GET "/assets/jquery_ujs.self-d602bdfe68ffc63b9f9cc512872aa3cfff046228a0a36e90dd476e8ef54c1b09.js?body=1" for 71.53.79.37 at 2016-01-16 06:01:20 +0000


Started GET "/assets/bootstrap.self-d0e973a52d36a01036265aeefaf2d1ae3499d2cb231a9be3bd846432daf231de.js?body=1" for 71.53.79.37 at 2016-01-16 06:01:20 +0000


Started GET "/assets/welcome.self-877aef30ae1b040ab8a3aba4e3e309a11d7f2612f44dde450b5c157aa5f95c05.js?body=1" for 71.53.79.37 at 2016-01-16 06:01:20 +0000


Started GET "/assets/application.self-f8806224e027f3e3f0138ea9ce99319e298dfdb323304d1f1be6eae8e8c74724.js?body=1" for 71.53.79.37 at 2016-01-16 06:01:20 +0000


Started GET "/users/sign_up" for 71.53.79.37 at 2016-01-16 06:01:23 +0000
Processing by Devise::RegistrationsController#new as HTML
  Rendered /usr/local/rvm/gems/ruby-2.3.0/gems/devise-3.5.3/app/views/devise/shared/_links.html.erb (7.0ms)
  Rendered /usr/local/rvm/gems/ruby-2.3.0/gems/devise-3.5.3/app/views/devise/registrations/new.html.erb within layouts/application (20.1ms)
Completed 200 OK in 96ms (Views: 94.1ms | ActiveRecord: 0.0ms)


Started POST "/users" for 71.53.79.37 at 2016-01-16 06:01:33 +0000
Processing by Devise::RegistrationsController#create as HTML
  Parameters: {"utf8"=>"✓", "authenticity_token"=>"J1GNPNxfnb7xEL3D7IJ+7idXTcX1xdMJhpTtQJm/0jDL30lY54zL9Rp5TzcxPlfIhBBUIHUu4opgQcj/6vQDow==", "user"=>{"email"=>"oceansource@gmail.com", "password"=>"[FILTERED]", "password_confirmation"=>"[FILTERED]"}, "commit"=>"Sign up"}
  [1m[35m (0.1ms)[0m  begin transaction
  [1m[36mUser Exists (0.2ms)[0m  [1mSELECT  1 AS one FROM "users" WHERE "users"."email" = 'oceansource@gmail.com' LIMIT 1[0m
  [1m[35mSQL (0.5ms)[0m  INSERT INTO "users" ("email", "encrypted_password", "created_at", "updated_at") VALUES (?, ?, ?, ?)  [["email", "oceansource@gmail.com"], ["encrypted_password", "$2a$10$FykfgIcxytx1vnPAmvYz5unsJI5x9XtmpEpvlyz1miha4X/WgswkC"], ["created_at", "2016-01-16 06:01:33.960590"], ["updated_at", "2016-01-16 06:01:33.960590"]]
  [1m[36m (9.6ms)[0m  [1mcommit transaction[0m
  [1m[35m (0.1ms)[0m  begin transaction
  [1m[36mSQL (0.5ms)[0m  [1mUPDATE "users" SET "last_sign_in_at" = ?, "current_sign_in_at" = ?, "last_sign_in_ip" = ?, "current_sign_in_ip" = ?, "sign_in_count" = ?, "updated_at" = ? WHERE "users"."id" = ?[0m  [["last_sign_in_at", "2016-01-16 06:01:33.973605"], ["current_sign_in_at", "2016-01-16 06:01:33.973605"], ["last_sign_in_ip", "71.53.79.37"], ["current_sign_in_ip", "71.53.79.37"], ["sign_in_count", 1], ["updated_at", "2016-01-16 06:01:33.974610"], ["id", 1]]
  [1m[35m (8.7ms)[0m  commit transaction
Redirected to https://blocipedia-oceansource.c9users.io/
Completed 302 Found in 176ms (ActiveRecord: 19.7ms)


Started GET "/" for 71.53.79.37 at 2016-01-16 06:01:34 +0000
Processing by WelcomeController#index as HTML
  [1m[36mUser Load (0.5ms)[0m  [1mSELECT  "users".* FROM "users" WHERE "users"."id" = ?  ORDER BY "users"."id" ASC LIMIT 1[0m  [["id", 1]]
  Rendered welcome/index.html.erb within layouts/application (0.6ms)
Completed 200 OK in 88ms (Views: 84.5ms | ActiveRecord: 0.5ms)


Started GET "/users/edit" for 71.53.79.37 at 2016-01-16 06:01:38 +0000
Processing by Devise::RegistrationsController#edit as HTML
  [1m[35mUser Load (0.3ms)[0m  SELECT  "users".* FROM "users" WHERE "users"."id" = ?  ORDER BY "users"."id" ASC LIMIT 1  [["id", 1]]
  Rendered /usr/local/rvm/gems/ruby-2.3.0/gems/devise-3.5.3/app/views/devise/registrations/edit.html.erb within layouts/application (15.8ms)
Completed 200 OK in 111ms (Views: 107.9ms | ActiveRecord: 0.3ms)


Started DELETE "/users" for 71.53.79.37 at 2016-01-16 06:01:44 +0000
Processing by Devise::RegistrationsController#destroy as HTML
  Parameters: {"authenticity_token"=>"r0B8umytvnKAU8CDt+woZ7Yb8aXZ1GLKz50x/PCn2JFDzrjeV37oOWs6MndqUAFBFVzoQFk/U0kpSBRDg+wJAg=="}
  [1m[36mUser Load (0.2ms)[0m  [1mSELECT  "users".* FROM "users" WHERE "users"."id" = ?  ORDER BY "users"."id" ASC LIMIT 1[0m  [["id", 1]]
  [1m[35m (0.1ms)[0m  begin transaction
  [1m[36mSQL (0.4ms)[0m  [1mDELETE FROM "users" WHERE "users"."id" = ?[0m  [["id", 1]]
  [1m[35m (12.5ms)[0m  commit transaction
Redirected to https://blocipedia-oceansource.c9users.io/
Completed 302 Found in 102ms (ActiveRecord: 13.1ms)


Started GET "/" for 71.53.79.37 at 2016-01-16 06:01:45 +0000
Processing by WelcomeController#index as HTML
Completed 401 Unauthorized in 1ms (ActiveRecord: 0.0ms)


Started GET "/users/sign_in" for 71.53.79.37 at 2016-01-16 06:01:45 +0000
Processing by Devise::SessionsController#new as HTML
  Rendered /usr/local/rvm/gems/ruby-2.3.0/gems/devise-3.5.3/app/views/devise/shared/_links.html.erb (7.2ms)
  Rendered /usr/local/rvm/gems/ruby-2.3.0/gems/devise-3.5.3/app/views/devise/sessions/new.html.erb within layouts/application (17.5ms)
Completed 200 OK in 109ms (Views: 106.2ms | ActiveRecord: 0.0ms)


Started POST "/users/sign_in" for 71.53.79.37 at 2016-01-16 06:01:53 +0000
Processing by Devise::SessionsController#create as HTML
  Parameters: {"utf8"=>"✓", "authenticity_token"=>"VDVFRKpl9AAkGVfljhhgGldo5yaGvAxXRVSv/uwWJRoeakvBIDrUo26dOqK2P5HwBYGGJFQRcqkp3KzbGFjVgA==", "user"=>{"email"=>"oceansource@gmail.com", "password"=>"[FILTERED]", "remember_me"=>"0"}, "commit"=>"Log in"}
  [1m[36mUser Load (0.4ms)[0m  [1mSELECT  "users".* FROM "users" WHERE "users"."email" = ?  ORDER BY "users"."id" ASC LIMIT 1[0m  [["email", "oceansource@gmail.com"]]
Completed 401 Unauthorized in 6ms (ActiveRecord: 0.4ms)
Processing by Devise::SessionsController#new as HTML
  Parameters: {"utf8"=>"✓", "authenticity_token"=>"VDVFRKpl9AAkGVfljhhgGldo5yaGvAxXRVSv/uwWJRoeakvBIDrUo26dOqK2P5HwBYGGJFQRcqkp3KzbGFjVgA==", "user"=>{"email"=>"oceansource@gmail.com", "password"=>"[FILTERED]", "remember_me"=>"0"}, "commit"=>"Log in"}
  Rendered /usr/local/rvm/gems/ruby-2.3.0/gems/devise-3.5.3/app/views/devise/shared/_links.html.erb (3.9ms)
  Rendered /usr/local/rvm/gems/ruby-2.3.0/gems/devise-3.5.3/app/views/devise/sessions/new.html.erb within layouts/application (13.3ms)
Completed 200 OK in 153ms (Views: 78.9ms | ActiveRecord: 0.0ms)


Started GET "/users/sign_up" for 71.53.79.37 at 2016-01-16 06:01:56 +0000
Processing by Devise::RegistrationsController#new as HTML
  Rendered /usr/local/rvm/gems/ruby-2.3.0/gems/devise-3.5.3/app/views/devise/shared/_links.html.erb (1.9ms)
  Rendered /usr/local/rvm/gems/ruby-2.3.0/gems/devise-3.5.3/app/views/devise/registrations/new.html.erb within layouts/application (10.9ms)
Completed 200 OK in 81ms (Views: 79.0ms | ActiveRecord: 0.0ms)


Started POST "/users" for 71.53.79.37 at 2016-01-16 06:02:08 +0000
Processing by Devise::RegistrationsController#create as HTML
  Parameters: {"utf8"=>"✓", "authenticity_token"=>"IaS7NEtE/pE1dFjeBLOfkBLHZY6P/nDYDuob/qrgKPlr+7WxwRveMn/wNZk8lG56QC4EjF1TDiZiYhjbXq7YYw==", "user"=>{"email"=>"oceansource@gmail.com", "password"=>"[FILTERED]", "password_confirmation"=>"[FILTERED]"}, "commit"=>"Sign up"}
  [1m[35m (0.2ms)[0m  begin transaction
  [1m[36mUser Exists (0.2ms)[0m  [1mSELECT  1 AS one FROM "users" WHERE "users"."email" = 'oceansource@gmail.com' LIMIT 1[0m
  [1m[35m (0.1ms)[0m  rollback transaction
  Rendered /usr/local/rvm/gems/ruby-2.3.0/gems/devise-3.5.3/app/views/devise/shared/_links.html.erb (3.8ms)
  Rendered /usr/local/rvm/gems/ruby-2.3.0/gems/devise-3.5.3/app/views/devise/registrations/new.html.erb within layouts/application (18.1ms)
Completed 200 OK in 207ms (Views: 93.8ms | ActiveRecord: 0.5ms)


Started POST "/users" for 71.53.79.37 at 2016-01-16 06:02:20 +0000
Processing by Devise::RegistrationsController#create as HTML
  Parameters: {"utf8"=>"✓", "authenticity_token"=>"fIQXUbqNBrWKAyXIjKwGA6sjN6v1+Vf9QP6v6v7+S4o22xnUMNImFsCHSI+0i/fp+cpWqSdUKQMsdqzPCrC7EA==", "user"=>{"email"=>"oceansource@gmail.com", "password"=>"[FILTERED]", "password_confirmation"=>"[FILTERED]"}, "commit"=>"Sign up"}
  [1m[36m (0.1ms)[0m  [1mbegin transaction[0m
  [1m[35mUser Exists (0.3ms)[0m  SELECT  1 AS one FROM "users" WHERE "users"."email" = 'oceansource@gmail.com' LIMIT 1
  [1m[36mSQL (0.4ms)[0m  [1mINSERT INTO "users" ("email", "encrypted_password", "created_at", "updated_at") VALUES (?, ?, ?, ?)[0m  [["email", "oceansource@gmail.com"], ["encrypted_password", "$2a$10$HJNVlQRsnsuoQzlMQ77gtuvXN38czpKuC6bU5S386tdiSfqKL/Iq2"], ["created_at", "2016-01-16 06:02:20.304498"], ["updated_at", "2016-01-16 06:02:20.304498"]]
  [1m[35m (67.0ms)[0m  commit transaction
  [1m[36m (0.1ms)[0m  [1mbegin transaction[0m
  [1m[35mSQL (0.4ms)[0m  UPDATE "users" SET "last_sign_in_at" = ?, "current_sign_in_at" = ?, "last_sign_in_ip" = ?, "current_sign_in_ip" = ?, "sign_in_count" = ?, "updated_at" = ? WHERE "users"."id" = ?  [["last_sign_in_at", "2016-01-16 06:02:20.374714"], ["current_sign_in_at", "2016-01-16 06:02:20.374714"], ["last_sign_in_ip", "71.53.79.37"], ["current_sign_in_ip", "71.53.79.37"], ["sign_in_count", 1], ["updated_at", "2016-01-16 06:02:20.376564"], ["id", 2]]
  [1m[36m (9.8ms)[0m  [1mcommit transaction[0m
Redirected to https://blocipedia-oceansource.c9users.io/
Completed 302 Found in 173ms (ActiveRecord: 78.2ms)


Started GET "/" for 71.53.79.37 at 2016-01-16 06:02:20 +0000
Processing by WelcomeController#index as HTML
  [1m[35mUser Load (0.3ms)[0m  SELECT  "users".* FROM "users" WHERE "users"."id" = ?  ORDER BY "users"."id" ASC LIMIT 1  [["id", 2]]
  Rendered welcome/index.html.erb within layouts/application (0.1ms)
Completed 200 OK in 64ms (Views: 62.0ms | ActiveRecord: 0.3ms)


Started GET "/users/edit" for 71.53.79.37 at 2016-01-16 15:24:18 +0000
Processing by Devise::RegistrationsController#edit as HTML
  [1m[36mUser Load (1.2ms)[0m  [1mSELECT  "users".* FROM "users" WHERE "users"."id" = ?  ORDER BY "users"."id" ASC LIMIT 1[0m  [["id", 2]]
  Rendered /usr/local/rvm/gems/ruby-2.3.0/gems/devise-3.5.3/app/views/devise/registrations/edit.html.erb within layouts/application (12.9ms)
Completed 200 OK in 97ms (Views: 91.4ms | ActiveRecord: 1.2ms)


Started PUT "/users" for 71.53.79.37 at 2016-01-16 15:24:51 +0000
Processing by Devise::RegistrationsController#update as HTML
  Parameters: {"utf8"=>"✓", "authenticity_token"=>"bS4EjL1+zXvIpz2BkYdDmbGQYUVQVtGWqnvYLw40kbgncQoJNyHt2IIjUMapoLJz43kAR4L7r2jG89sK+nphIg==", "user"=>{"email"=>"oceansource@gmail.com", "password"=>"[FILTERED]", "password_confirmation"=>"[FILTERED]", "current_password"=>"[FILTERED]"}, "commit"=>"Update"}
  [1m[35mUser Load (0.2ms)[0m  SELECT  "users".* FROM "users" WHERE "users"."id" = ?  ORDER BY "users"."id" ASC LIMIT 1  [["id", 2]]
  [1m[36mUser Load (0.3ms)[0m  [1mSELECT  "users".* FROM "users" WHERE "users"."id" = ? LIMIT 1[0m  [["id", 2]]
  [1m[35m (0.2ms)[0m  begin transaction
  [1m[36m (0.1ms)[0m  [1mrollback transaction[0m
  Rendered /usr/local/rvm/gems/ruby-2.3.0/gems/devise-3.5.3/app/views/devise/registrations/edit.html.erb within layouts/application (12.8ms)
Completed 200 OK in 315ms (Views: 70.4ms | ActiveRecord: 0.8ms)


Started PUT "/users" for 71.53.79.37 at 2016-01-16 15:25:25 +0000
Processing by Devise::RegistrationsController#update as HTML
  Parameters: {"utf8"=>"✓", "authenticity_token"=>"kdVehR9lYgyVfXo7PgeP0kwZXtKI516+n3LYYK1+FlbbilAAlTpCr9/5F3wGIH44HvA/0FpKIEDz+ttFWTDmzA==", "user"=>{"email"=>"oceansource@gmail.com", "password"=>"[FILTERED]", "password_confirmation"=>"[FILTERED]", "current_password"=>"[FILTERED]"}, "commit"=>"Update"}
  [1m[35mUser Load (0.2ms)[0m  SELECT  "users".* FROM "users" WHERE "users"."id" = ?  ORDER BY "users"."id" ASC LIMIT 1  [["id", 2]]
  [1m[36mUser Load (0.1ms)[0m  [1mSELECT  "users".* FROM "users" WHERE "users"."id" = ? LIMIT 1[0m  [["id", 2]]
  [1m[35m (0.1ms)[0m  begin transaction
  [1m[36mSQL (1.3ms)[0m  [1mUPDATE "users" SET "encrypted_password" = ?, "updated_at" = ? WHERE "users"."id" = ?[0m  [["encrypted_password", "$2a$10$v/F9ipVlFpL6ftB1UoldruyQ/rlYV470Vb7gCJqjVNzdSkP7uZyk."], ["updated_at", "2016-01-16 15:25:25.694394"], ["id", 2]]
  [1m[35m (11.4ms)[0m  commit transaction
Redirected to https://blocipedia-oceansource.c9users.io/
Completed 302 Found in 170ms (ActiveRecord: 13.2ms)


Started GET "/" for 71.53.79.37 at 2016-01-16 15:25:25 +0000
Processing by WelcomeController#index as HTML
  [1m[36mUser Load (0.3ms)[0m  [1mSELECT  "users".* FROM "users" WHERE "users"."id" = ?  ORDER BY "users"."id" ASC LIMIT 1[0m  [["id", 2]]
  Rendered welcome/index.html.erb within layouts/application (0.1ms)
Completed 200 OK in 70ms (Views: 68.0ms | ActiveRecord: 0.3ms)


Started GET "/users/edit" for 71.53.79.37 at 2016-01-16 15:25:29 +0000
Processing by Devise::RegistrationsController#edit as HTML
  [1m[35mUser Load (0.2ms)[0m  SELECT  "users".* FROM "users" WHERE "users"."id" = ?  ORDER BY "users"."id" ASC LIMIT 1  [["id", 2]]
  Rendered /usr/local/rvm/gems/ruby-2.3.0/gems/devise-3.5.3/app/views/devise/registrations/edit.html.erb within layouts/application (7.4ms)
Completed 200 OK in 59ms (Views: 56.7ms | ActiveRecord: 0.2ms)


Started PUT "/users" for 71.53.79.37 at 2016-01-16 15:25:47 +0000
Processing by Devise::RegistrationsController#update as HTML
  Parameters: {"utf8"=>"✓", "authenticity_token"=>"UkX4agIgPBlOnPcV6n8XOlBcbx7AtJpryn66xe3hD4cYGvbviH8cugQYmlLSWObQArUOHBIZ5JWm9rngGa//HQ==", "user"=>{"email"=>"oceansource@gmail.com", "password"=>"[FILTERED]", "password_confirmation"=>"[FILTERED]", "current_password"=>"[FILTERED]"}, "commit"=>"Update"}
  [1m[36mUser Load (0.2ms)[0m  [1mSELECT  "users".* FROM "users" WHERE "users"."id" = ?  ORDER BY "users"."id" ASC LIMIT 1[0m  [["id", 2]]
  [1m[35mUser Load (0.1ms)[0m  SELECT  "users".* FROM "users" WHERE "users"."id" = ? LIMIT 1  [["id", 2]]
  [1m[36m (0.3ms)[0m  [1mbegin transaction[0m
  [1m[35mSQL (0.4ms)[0m  UPDATE "users" SET "encrypted_password" = ?, "updated_at" = ? WHERE "users"."id" = ?  [["encrypted_password", "$2a$10$lNQSuBDFNAIfxCHDoPV5qe0u3sK.D9vkd3vZnK4OO/rrm..ubi18."], ["updated_at", "2016-01-16 15:25:47.634036"], ["id", 2]]
  [1m[36m (9.8ms)[0m  [1mcommit transaction[0m
Redirected to https://blocipedia-oceansource.c9users.io/
Completed 302 Found in 183ms (ActiveRecord: 10.9ms)


Started GET "/" for 71.53.79.37 at 2016-01-16 15:25:47 +0000
Processing by WelcomeController#index as HTML
  [1m[35mUser Load (0.2ms)[0m  SELECT  "users".* FROM "users" WHERE "users"."id" = ?  ORDER BY "users"."id" ASC LIMIT 1  [["id", 2]]
  Rendered welcome/index.html.erb within layouts/application (0.1ms)
Completed 200 OK in 47ms (Views: 45.5ms | ActiveRecord: 0.2ms)


Started GET "/users/edit" for 71.53.79.37 at 2016-01-16 15:25:50 +0000
Processing by Devise::RegistrationsController#edit as HTML
  [1m[36mUser Load (0.2ms)[0m  [1mSELECT  "users".* FROM "users" WHERE "users"."id" = ?  ORDER BY "users"."id" ASC LIMIT 1[0m  [["id", 2]]
  Rendered /usr/local/rvm/gems/ruby-2.3.0/gems/devise-3.5.3/app/views/devise/registrations/edit.html.erb within layouts/application (7.4ms)
Completed 200 OK in 60ms (Views: 58.1ms | ActiveRecord: 0.2ms)


Started DELETE "/users" for 71.53.79.37 at 2016-01-16 15:25:58 +0000
Processing by Devise::RegistrationsController#destroy as HTML
  Parameters: {"authenticity_token"=>"QoXnGXOvTC0XyqBjVaasA5+9yRzYWjdP62RGo57EDT0I2umc+fBsjl1OzSRtgV3pzVSoHgr3SbGH7EWGaor9pw=="}
  [1m[35mUser Load (0.2ms)[0m  SELECT  "users".* FROM "users" WHERE "users"."id" = ?  ORDER BY "users"."id" ASC LIMIT 1  [["id", 2]]
  [1m[36m (0.1ms)[0m  [1mbegin transaction[0m
  [1m[35mSQL (0.3ms)[0m  DELETE FROM "users" WHERE "users"."id" = ?  [["id", 2]]
  [1m[36m (10.9ms)[0m  [1mcommit transaction[0m
Redirected to https://blocipedia-oceansource.c9users.io/
Completed 302 Found in 15ms (ActiveRecord: 11.5ms)


Started GET "/" for 71.53.79.37 at 2016-01-16 15:25:59 +0000
Processing by WelcomeController#index as HTML
Completed 401 Unauthorized in 2ms (ActiveRecord: 0.0ms)


Started GET "/users/sign_in" for 71.53.79.37 at 2016-01-16 15:26:00 +0000
Processing by Devise::SessionsController#new as HTML
  Rendered /usr/local/rvm/gems/ruby-2.3.0/gems/devise-3.5.3/app/views/devise/shared/_links.html.erb (3.4ms)
  Rendered /usr/local/rvm/gems/ruby-2.3.0/gems/devise-3.5.3/app/views/devise/sessions/new.html.erb within layouts/application (11.7ms)
Completed 200 OK in 75ms (Views: 73.1ms | ActiveRecord: 0.0ms)


Started GET "/users/sign_up" for 71.53.79.37 at 2016-01-16 15:26:05 +0000
Processing by Devise::RegistrationsController#new as HTML
  Rendered /usr/local/rvm/gems/ruby-2.3.0/gems/devise-3.5.3/app/views/devise/shared/_links.html.erb (1.9ms)
  Rendered /usr/local/rvm/gems/ruby-2.3.0/gems/devise-3.5.3/app/views/devise/registrations/new.html.erb within layouts/application (9.9ms)
Completed 200 OK in 77ms (Views: 75.4ms | ActiveRecord: 0.0ms)


Started POST "/users" for 71.53.79.37 at 2016-01-16 15:26:20 +0000
Processing by Devise::RegistrationsController#create as HTML
  Parameters: {"utf8"=>"✓", "authenticity_token"=>"wq/ZIBK1ow0WTXMqKs6tSNt7dRIaUf6vxQJIr2/SE1cWIw5Vc/CtCWjoWKx4sMprLlTjdTXAkfnJFWgctrj0yw==", "user"=>{"email"=>"oceansource@gmail.com", "password"=>"[FILTERED]", "password_confirmation"=>"[FILTERED]"}, "commit"=>"Sign up"}
  [1m[35m (0.1ms)[0m  begin transaction
  [1m[36mUser Exists (0.2ms)[0m  [1mSELECT  1 AS one FROM "users" WHERE "users"."email" = 'oceansource@gmail.com' LIMIT 1[0m
  [1m[35m (0.1ms)[0m  rollback transaction
  Rendered /usr/local/rvm/gems/ruby-2.3.0/gems/devise-3.5.3/app/views/devise/shared/_links.html.erb (2.1ms)
  Rendered /usr/local/rvm/gems/ruby-2.3.0/gems/devise-3.5.3/app/views/devise/registrations/new.html.erb within layouts/application (10.1ms)
Completed 200 OK in 159ms (Views: 77.4ms | ActiveRecord: 0.4ms)


Started POST "/users" for 71.53.79.37 at 2016-01-16 15:26:35 +0000
Processing by Devise::RegistrationsController#create as HTML
  Parameters: {"utf8"=>"✓", "authenticity_token"=>"9+Ay+FTM7BDGibgw4/0oLTbpTMa1xFmVdYMgfDGI3XsjbOWNNYniFLgsk7axg08Ow8baoZpVNsN5lADP6OI65w==", "user"=>{"email"=>"oceansource@gmail.com", "password"=>"[FILTERED]", "password_confirmation"=>"[FILTERED]"}, "commit"=>"Sign up"}
  [1m[36m (0.1ms)[0m  [1mbegin transaction[0m
  [1m[35mUser Exists (0.2ms)[0m  SELECT  1 AS one FROM "users" WHERE "users"."email" = 'oceansource@gmail.com' LIMIT 1
  [1m[36mSQL (0.4ms)[0m  [1mINSERT INTO "users" ("email", "encrypted_password", "created_at", "updated_at") VALUES (?, ?, ?, ?)[0m  [["email", "oceansource@gmail.com"], ["encrypted_password", "$2a$10$zHtYpWsQMt7I.UlWFdE5m.MmVh/PTvkAFRNjhu8NOGizecma7zKfO"], ["created_at", "2016-01-16 15:26:35.251275"], ["updated_at", "2016-01-16 15:26:35.251275"]]
  [1m[35m (10.7ms)[0m  commit transaction
  [1m[36m (0.1ms)[0m  [1mbegin transaction[0m
  [1m[35mSQL (0.3ms)[0m  UPDATE "users" SET "last_sign_in_at" = ?, "current_sign_in_at" = ?, "last_sign_in_ip" = ?, "current_sign_in_ip" = ?, "sign_in_count" = ?, "updated_at" = ? WHERE "users"."id" = ?  [["last_sign_in_at", "2016-01-16 15:26:35.375056"], ["current_sign_in_at", "2016-01-16 15:26:35.375056"], ["last_sign_in_ip", "71.53.79.37"], ["current_sign_in_ip", "71.53.79.37"], ["sign_in_count", 1], ["updated_at", "2016-01-16 15:26:35.376032"], ["id", 3]]
  [1m[36m (6.6ms)[0m  [1mcommit transaction[0m
Redirected to https://blocipedia-oceansource.c9users.io/
Completed 302 Found in 216ms (ActiveRecord: 18.4ms)


Started GET "/" for 71.53.79.37 at 2016-01-16 15:26:36 +0000
Processing by WelcomeController#index as HTML
  [1m[35mUser Load (0.2ms)[0m  SELECT  "users".* FROM "users" WHERE "users"."id" = ?  ORDER BY "users"."id" ASC LIMIT 1  [["id", 3]]
  Rendered welcome/index.html.erb within layouts/application (0.1ms)
Completed 200 OK in 59ms (Views: 56.8ms | ActiveRecord: 0.2ms)


Started GET "/" for 71.53.79.37 at 2016-01-16 15:31:08 +0000
Processing by WelcomeController#index as HTML
  [1m[36mUser Load (0.3ms)[0m  [1mSELECT  "users".* FROM "users" WHERE "users"."id" = ?  ORDER BY "users"."id" ASC LIMIT 1[0m  [["id", 3]]
  Rendered welcome/index.html.erb within layouts/application (0.1ms)
Completed 200 OK in 83ms (Views: 80.0ms | ActiveRecord: 0.3ms)


Started GET "/assets/welcome.self-e3b0c44298fc1c149afbf4c8996fb92427ae41e4649b934ca495991b7852b855.css?body=1" for 71.53.79.37 at 2016-01-16 15:31:09 +0000


Started GET "/assets/application.self-0c81e2bfbfd877dea9bd6e3035ab1a9860bc2d0a7d17503c2d2df6d3755dcd29.css?body=1" for 71.53.79.37 at 2016-01-16 15:31:09 +0000


Started GET "/assets/jquery.self-c64a74367bda6ef8b860f19e74df08927ca99d2be2ac934e9e92d5fd361e0da4.js?body=1" for 71.53.79.37 at 2016-01-16 15:31:09 +0000


Started GET "/assets/jquery_ujs.self-d602bdfe68ffc63b9f9cc512872aa3cfff046228a0a36e90dd476e8ef54c1b09.js?body=1" for 71.53.79.37 at 2016-01-16 15:31:09 +0000


Started GET "/assets/turbolinks.self-c37727e9bd6b2735da5c311aa83fead54ed0be6cc8bd9a65309e9c5abe2cbfff.js?body=1" for 71.53.79.37 at 2016-01-16 15:31:10 +0000


Started GET "/assets/bootstrap.self-d0e973a52d36a01036265aeefaf2d1ae3499d2cb231a9be3bd846432daf231de.js?body=1" for 71.53.79.37 at 2016-01-16 15:31:10 +0000


Started GET "/assets/welcome.self-877aef30ae1b040ab8a3aba4e3e309a11d7f2612f44dde450b5c157aa5f95c05.js?body=1" for 71.53.79.37 at 2016-01-16 15:31:10 +0000


Started GET "/assets/application.self-f8806224e027f3e3f0138ea9ce99319e298dfdb323304d1f1be6eae8e8c74724.js?body=1" for 71.53.79.37 at 2016-01-16 15:31:10 +0000


Started GET "/" for 71.53.79.37 at 2016-01-16 15:31:41 +0000
Processing by WelcomeController#index as HTML
  [1m[35mUser Load (0.2ms)[0m  SELECT  "users".* FROM "users" WHERE "users"."id" = ?  ORDER BY "users"."id" ASC LIMIT 1  [["id", 3]]
  Rendered welcome/index.html.erb within layouts/application (0.0ms)
Completed 200 OK in 57ms (Views: 54.7ms | ActiveRecord: 0.2ms)


Started GET "/assets/welcome.self-e3b0c44298fc1c149afbf4c8996fb92427ae41e4649b934ca495991b7852b855.css?body=1" for 71.53.79.37 at 2016-01-16 15:31:42 +0000


Started GET "/assets/application.self-0c81e2bfbfd877dea9bd6e3035ab1a9860bc2d0a7d17503c2d2df6d3755dcd29.css?body=1" for 71.53.79.37 at 2016-01-16 15:31:43 +0000


Started GET "/assets/jquery.self-c64a74367bda6ef8b860f19e74df08927ca99d2be2ac934e9e92d5fd361e0da4.js?body=1" for 71.53.79.37 at 2016-01-16 15:31:43 +0000


Started GET "/assets/jquery_ujs.self-d602bdfe68ffc63b9f9cc512872aa3cfff046228a0a36e90dd476e8ef54c1b09.js?body=1" for 71.53.79.37 at 2016-01-16 15:31:44 +0000


Started GET "/assets/turbolinks.self-c37727e9bd6b2735da5c311aa83fead54ed0be6cc8bd9a65309e9c5abe2cbfff.js?body=1" for 71.53.79.37 at 2016-01-16 15:31:44 +0000


Started GET "/assets/bootstrap.self-d0e973a52d36a01036265aeefaf2d1ae3499d2cb231a9be3bd846432daf231de.js?body=1" for 71.53.79.37 at 2016-01-16 15:31:44 +0000


Started GET "/assets/welcome.self-877aef30ae1b040ab8a3aba4e3e309a11d7f2612f44dde450b5c157aa5f95c05.js?body=1" for 71.53.79.37 at 2016-01-16 15:31:44 +0000


Started GET "/assets/application.self-f8806224e027f3e3f0138ea9ce99319e298dfdb323304d1f1be6eae8e8c74724.js?body=1" for 71.53.79.37 at 2016-01-16 15:31:44 +0000


Started GET "/" for 71.53.79.37 at 2016-01-16 15:32:42 +0000
Processing by WelcomeController#index as HTML
  [1m[36mUser Load (0.2ms)[0m  [1mSELECT  "users".* FROM "users" WHERE "users"."id" = ?  ORDER BY "users"."id" ASC LIMIT 1[0m  [["id", 3]]
  Rendered welcome/index.html.erb within layouts/application (0.1ms)
Completed 200 OK in 89ms (Views: 87.0ms | ActiveRecord: 0.2ms)


Started GET "/assets/welcome.self-e3b0c44298fc1c149afbf4c8996fb92427ae41e4649b934ca495991b7852b855.css?body=1" for 71.53.79.37 at 2016-01-16 15:32:44 +0000


Started GET "/assets/application.self-0c81e2bfbfd877dea9bd6e3035ab1a9860bc2d0a7d17503c2d2df6d3755dcd29.css?body=1" for 71.53.79.37 at 2016-01-16 15:32:44 +0000


Started GET "/assets/jquery_ujs.self-d602bdfe68ffc63b9f9cc512872aa3cfff046228a0a36e90dd476e8ef54c1b09.js?body=1" for 71.53.79.37 at 2016-01-16 15:32:44 +0000


Started GET "/assets/jquery.self-c64a74367bda6ef8b860f19e74df08927ca99d2be2ac934e9e92d5fd361e0da4.js?body=1" for 71.53.79.37 at 2016-01-16 15:32:44 +0000


Started GET "/assets/turbolinks.self-c37727e9bd6b2735da5c311aa83fead54ed0be6cc8bd9a65309e9c5abe2cbfff.js?body=1" for 71.53.79.37 at 2016-01-16 15:32:45 +0000


Started GET "/assets/bootstrap.self-d0e973a52d36a01036265aeefaf2d1ae3499d2cb231a9be3bd846432daf231de.js?body=1" for 71.53.79.37 at 2016-01-16 15:32:45 +0000


Started GET "/assets/welcome.self-877aef30ae1b040ab8a3aba4e3e309a11d7f2612f44dde450b5c157aa5f95c05.js?body=1" for 71.53.79.37 at 2016-01-16 15:32:45 +0000


Started GET "/assets/application.self-f8806224e027f3e3f0138ea9ce99319e298dfdb323304d1f1be6eae8e8c74724.js?body=1" for 71.53.79.37 at 2016-01-16 15:32:45 +0000


Started GET "/" for 71.53.79.37 at 2016-01-16 15:33:02 +0000
Processing by WelcomeController#index as HTML
  [1m[35mUser Load (0.2ms)[0m  SELECT  "users".* FROM "users" WHERE "users"."id" = ?  ORDER BY "users"."id" ASC LIMIT 1  [["id", 3]]
  Rendered welcome/index.html.erb within layouts/application (0.1ms)
Completed 200 OK in 52ms (Views: 50.3ms | ActiveRecord: 0.2ms)


Started GET "/assets/welcome.self-e3b0c44298fc1c149afbf4c8996fb92427ae41e4649b934ca495991b7852b855.css?body=1" for 71.53.79.37 at 2016-01-16 15:33:03 +0000


Started GET "/assets/application.self-0c81e2bfbfd877dea9bd6e3035ab1a9860bc2d0a7d17503c2d2df6d3755dcd29.css?body=1" for 71.53.79.37 at 2016-01-16 15:33:03 +0000


Started GET "/assets/jquery.self-c64a74367bda6ef8b860f19e74df08927ca99d2be2ac934e9e92d5fd361e0da4.js?body=1" for 71.53.79.37 at 2016-01-16 15:33:03 +0000


Started GET "/assets/jquery_ujs.self-d602bdfe68ffc63b9f9cc512872aa3cfff046228a0a36e90dd476e8ef54c1b09.js?body=1" for 71.53.79.37 at 2016-01-16 15:33:04 +0000


Started GET "/assets/turbolinks.self-c37727e9bd6b2735da5c311aa83fead54ed0be6cc8bd9a65309e9c5abe2cbfff.js?body=1" for 71.53.79.37 at 2016-01-16 15:33:04 +0000


Started GET "/assets/bootstrap.self-d0e973a52d36a01036265aeefaf2d1ae3499d2cb231a9be3bd846432daf231de.js?body=1" for 71.53.79.37 at 2016-01-16 15:33:04 +0000


Started GET "/assets/welcome.self-877aef30ae1b040ab8a3aba4e3e309a11d7f2612f44dde450b5c157aa5f95c05.js?body=1" for 71.53.79.37 at 2016-01-16 15:33:04 +0000


Started GET "/assets/application.self-f8806224e027f3e3f0138ea9ce99319e298dfdb323304d1f1be6eae8e8c74724.js?body=1" for 71.53.79.37 at 2016-01-16 15:33:05 +0000


Started GET "/welcome/index" for 71.53.79.37 at 2016-01-16 16:02:22 +0000
Processing by WelcomeController#index as HTML
  [1m[36mUser Load (0.2ms)[0m  [1mSELECT  "users".* FROM "users" WHERE "users"."id" = ?  ORDER BY "users"."id" ASC LIMIT 1[0m  [["id", 3]]
  Rendered welcome/index.html.erb within layouts/application (0.5ms)
Completed 200 OK in 56ms (Views: 53.8ms | ActiveRecord: 0.2ms)


Started GET "/welcome/about" for 71.53.79.37 at 2016-01-16 16:02:23 +0000
Processing by WelcomeController#about as HTML
  [1m[35mUser Load (0.2ms)[0m  SELECT  "users".* FROM "users" WHERE "users"."id" = ?  ORDER BY "users"."id" ASC LIMIT 1  [["id", 3]]
  Rendered welcome/about.html.erb within layouts/application (0.7ms)
Completed 200 OK in 58ms (Views: 55.7ms | ActiveRecord: 0.2ms)


Started GET "/welcome/index" for 71.53.79.37 at 2016-01-16 16:02:28 +0000
Processing by WelcomeController#index as HTML
  [1m[36mUser Load (0.2ms)[0m  [1mSELECT  "users".* FROM "users" WHERE "users"."id" = ?  ORDER BY "users"."id" ASC LIMIT 1[0m  [["id", 3]]
  Rendered welcome/index.html.erb within layouts/application (0.0ms)
Completed 200 OK in 61ms (Views: 59.2ms | ActiveRecord: 0.2ms)


Started GET "/welcome/about" for 71.53.79.37 at 2016-01-16 16:02:30 +0000
Processing by WelcomeController#about as HTML
  [1m[35mUser Load (0.2ms)[0m  SELECT  "users".* FROM "users" WHERE "users"."id" = ?  ORDER BY "users"."id" ASC LIMIT 1  [["id", 3]]
  Rendered welcome/about.html.erb within layouts/application (0.0ms)
Completed 200 OK in 54ms (Views: 51.9ms | ActiveRecord: 0.2ms)


Started GET "/welcome/index" for 71.53.79.37 at 2016-01-16 16:02:30 +0000
Processing by WelcomeController#index as HTML
  [1m[36mUser Load (0.2ms)[0m  [1mSELECT  "users".* FROM "users" WHERE "users"."id" = ?  ORDER BY "users"."id" ASC LIMIT 1[0m  [["id", 3]]
  Rendered welcome/index.html.erb within layouts/application (0.1ms)
Completed 200 OK in 53ms (Views: 50.8ms | ActiveRecord: 0.2ms)


Started GET "/" for 108.46.169.188 at 2016-01-16 16:12:00 +0000
  [1m[36mActiveRecord::SchemaMigration Load (0.2ms)[0m  [1mSELECT "schema_migrations".* FROM "schema_migrations"[0m
Processing by WelcomeController#index as HTML
Completed 401 Unauthorized in 36ms (ActiveRecord: 0.0ms)


Started GET "/users/sign_in" for 108.46.169.188 at 2016-01-16 16:12:00 +0000
Processing by Devise::SessionsController#new as HTML
  Rendered /usr/local/rvm/gems/ruby-2.3.0/gems/devise-3.5.3/app/views/devise/shared/_links.html.erb (11.4ms)
  Rendered /usr/local/rvm/gems/ruby-2.3.0/gems/devise-3.5.3/app/views/devise/sessions/new.html.erb within layouts/application (112.5ms)
Completed 200 OK in 689ms (Views: 540.3ms | ActiveRecord: 1.6ms)


Started GET "/assets/welcome.self-e3b0c44298fc1c149afbf4c8996fb92427ae41e4649b934ca495991b7852b855.css?body=1" for 108.46.169.188 at 2016-01-16 16:12:01 +0000


Started GET "/assets/application.self-0c81e2bfbfd877dea9bd6e3035ab1a9860bc2d0a7d17503c2d2df6d3755dcd29.css?body=1" for 108.46.169.188 at 2016-01-16 16:12:01 +0000


Started GET "/assets/jquery.self-c64a74367bda6ef8b860f19e74df08927ca99d2be2ac934e9e92d5fd361e0da4.js?body=1" for 108.46.169.188 at 2016-01-16 16:12:01 +0000


Started GET "/assets/jquery_ujs.self-d602bdfe68ffc63b9f9cc512872aa3cfff046228a0a36e90dd476e8ef54c1b09.js?body=1" for 108.46.169.188 at 2016-01-16 16:12:01 +0000


Started GET "/assets/welcome.self-877aef30ae1b040ab8a3aba4e3e309a11d7f2612f44dde450b5c157aa5f95c05.js?body=1" for 108.46.169.188 at 2016-01-16 16:12:01 +0000


Started GET "/assets/bootstrap.self-d0e973a52d36a01036265aeefaf2d1ae3499d2cb231a9be3bd846432daf231de.js?body=1" for 108.46.169.188 at 2016-01-16 16:12:01 +0000


Started GET "/assets/turbolinks.self-c37727e9bd6b2735da5c311aa83fead54ed0be6cc8bd9a65309e9c5abe2cbfff.js?body=1" for 108.46.169.188 at 2016-01-16 16:12:01 +0000


Started GET "/assets/application.self-f8806224e027f3e3f0138ea9ce99319e298dfdb323304d1f1be6eae8e8c74724.js?body=1" for 108.46.169.188 at 2016-01-16 16:12:02 +0000


Started GET "/users/sign_up" for 108.46.169.188 at 2016-01-16 16:12:18 +0000
Processing by Devise::RegistrationsController#new as HTML
  Rendered /usr/local/rvm/gems/ruby-2.3.0/gems/devise-3.5.3/app/views/devise/shared/_links.html.erb (5.9ms)
  Rendered /usr/local/rvm/gems/ruby-2.3.0/gems/devise-3.5.3/app/views/devise/registrations/new.html.erb within layouts/application (20.3ms)
Completed 200 OK in 129ms (Views: 125.8ms | ActiveRecord: 0.0ms)


Started POST "/users" for 108.46.169.188 at 2016-01-16 16:12:25 +0000
Processing by Devise::RegistrationsController#create as HTML
  Parameters: {"utf8"=>"✓", "authenticity_token"=>"Ibsy7XfyLALQWzaAvNB0m43a6J8qpyJS4VO2CCpWyVLKd9ZjS42vgtHnnCaM5RuFgrOElPTqmhLPkujUsc3yhw==", "user"=>{"email"=>"richardrpanzer@gmail.com", "password"=>"[FILTERED]", "password_confirmation"=>"[FILTERED]"}, "commit"=>"Sign up"}
  [1m[35m (0.1ms)[0m  begin transaction
  [1m[36mUser Exists (0.3ms)[0m  [1mSELECT  1 AS one FROM "users" WHERE "users"."email" = 'richardrpanzer@gmail.com' LIMIT 1[0m
  [1m[35mSQL (0.6ms)[0m  INSERT INTO "users" ("email", "encrypted_password", "created_at", "updated_at") VALUES (?, ?, ?, ?)  [["email", "richardrpanzer@gmail.com"], ["encrypted_password", "$2a$10$uzyVSElE65Ci7s72a2bT0OpTRg9uperJoJ0FexigFIZNgsq.vw0Py"], ["created_at", "2016-01-16 16:12:25.915904"], ["updated_at", "2016-01-16 16:12:25.915904"]]
  [1m[36m (13.9ms)[0m  [1mcommit transaction[0m
  [1m[35m (0.1ms)[0m  begin transaction
  [1m[36mSQL (0.5ms)[0m  [1mUPDATE "users" SET "last_sign_in_at" = ?, "current_sign_in_at" = ?, "last_sign_in_ip" = ?, "current_sign_in_ip" = ?, "sign_in_count" = ?, "updated_at" = ? WHERE "users"."id" = ?[0m  [["last_sign_in_at", "2016-01-16 16:12:25.935597"], ["current_sign_in_at", "2016-01-16 16:12:25.935597"], ["last_sign_in_ip", "108.46.169.188"], ["current_sign_in_ip", "108.46.169.188"], ["sign_in_count", 1], ["updated_at", "2016-01-16 16:12:25.936904"], ["id", 4]]
  [1m[35m (13.8ms)[0m  commit transaction
Redirected to https://blocipedia-oceansource.c9users.io/
Completed 302 Found in 211ms (ActiveRecord: 29.3ms)


Started GET "/" for 108.46.169.188 at 2016-01-16 16:12:26 +0000
Processing by WelcomeController#index as HTML
  [1m[36mUser Load (0.3ms)[0m  [1mSELECT  "users".* FROM "users" WHERE "users"."id" = ?  ORDER BY "users"."id" ASC LIMIT 1[0m  [["id", 4]]
  Rendered welcome/index.html.erb within layouts/application (0.5ms)
Completed 200 OK in 66ms (Views: 63.3ms | ActiveRecord: 0.3ms)


Started DELETE "/users/sign_out" for 108.46.169.188 at 2016-01-16 16:12:30 +0000
Processing by Devise::SessionsController#destroy as HTML
  Parameters: {"authenticity_token"=>"BIsqOGV78BqDfoMbs90Jc1pcxkV9RH189o/E0WvRu4bvR862WQRzmoLCKb2D6GZtVTWqTqMJxTzYTpoN8EqAUw=="}
  [1m[35mUser Load (0.2ms)[0m  SELECT  "users".* FROM "users" WHERE "users"."id" = ?  ORDER BY "users"."id" ASC LIMIT 1  [["id", 4]]
  [1m[36m (0.1ms)[0m  [1mbegin transaction[0m
  [1m[35m (0.1ms)[0m  commit transaction
Redirected to https://blocipedia-oceansource.c9users.io/
Completed 302 Found in 9ms (ActiveRecord: 0.3ms)


Started GET "/" for 108.46.169.188 at 2016-01-16 16:12:31 +0000
Processing by WelcomeController#index as HTML
Completed 401 Unauthorized in 1ms (ActiveRecord: 0.0ms)


Started GET "/users/sign_in" for 108.46.169.188 at 2016-01-16 16:12:31 +0000
Processing by Devise::SessionsController#new as HTML
  Rendered /usr/local/rvm/gems/ruby-2.3.0/gems/devise-3.5.3/app/views/devise/shared/_links.html.erb (5.3ms)
  Rendered /usr/local/rvm/gems/ruby-2.3.0/gems/devise-3.5.3/app/views/devise/sessions/new.html.erb within layouts/application (12.9ms)
Completed 200 OK in 77ms (Views: 75.1ms | ActiveRecord: 0.0ms)


Started POST "/users/sign_in" for 108.46.169.188 at 2016-01-16 16:12:34 +0000
Processing by Devise::SessionsController#create as HTML
  Parameters: {"utf8"=>"✓", "authenticity_token"=>"OTqxc3vBj6DPiwOaw7Ja0kgcHgklkX6JSXH5PLDb1KQkTGSBXeD1RMnirLF7/yEDbHss2WN3KSCjS4kJB7kLsQ==", "user"=>{"email"=>"richardrpanzer@gmail.com", "password"=>"[FILTERED]", "remember_me"=>"0"}, "commit"=>"Log in"}
  [1m[36mUser Load (0.4ms)[0m  [1mSELECT  "users".* FROM "users" WHERE "users"."email" = ?  ORDER BY "users"."id" ASC LIMIT 1[0m  [["email", "richardrpanzer@gmail.com"]]
  [1m[35m (0.2ms)[0m  begin transaction
  [1m[36mSQL (0.7ms)[0m  [1mUPDATE "users" SET "current_sign_in_at" = ?, "sign_in_count" = ?, "updated_at" = ? WHERE "users"."id" = ?[0m  [["current_sign_in_at", "2016-01-16 16:12:35.034798"], ["sign_in_count", 2], ["updated_at", "2016-01-16 16:12:35.036219"], ["id", 4]]
  [1m[35m (9.8ms)[0m  commit transaction
Redirected to https://blocipedia-oceansource.c9users.io/
Completed 302 Found in 282ms (ActiveRecord: 11.1ms)


Started GET "/" for 108.46.169.188 at 2016-01-16 16:12:35 +0000
Processing by WelcomeController#index as HTML
  [1m[36mUser Load (0.3ms)[0m  [1mSELECT  "users".* FROM "users" WHERE "users"."id" = ?  ORDER BY "users"."id" ASC LIMIT 1[0m  [["id", 4]]
  Rendered welcome/index.html.erb within layouts/application (0.1ms)
Completed 200 OK in 75ms (Views: 72.7ms | ActiveRecord: 0.3ms)
  [1m[36mActiveRecord::SchemaMigration Load (0.2ms)[0m  [1mSELECT "schema_migrations".* FROM "schema_migrations"[0m
  [1m[35mActiveRecord::SchemaMigration Load (0.2ms)[0m  SELECT "schema_migrations".* FROM "schema_migrations"
Migrating to DeviseCreateUsers (20160116055801)
  [1m[36m (0.2ms)[0m  [1mbegin transaction[0m
  [1m[35m (0.2ms)[0m              SELECT sql
            FROM sqlite_master
            WHERE name='index_users_on_reset_password_token' AND type='index'
            UNION ALL
            SELECT sql
            FROM sqlite_temp_master
            WHERE name='index_users_on_reset_password_token' AND type='index'

  [1m[36m (0.1ms)[0m  [1m            SELECT sql
            FROM sqlite_master
            WHERE name='index_users_on_email' AND type='index'
            UNION ALL
            SELECT sql
            FROM sqlite_temp_master
            WHERE name='index_users_on_email' AND type='index'
[0m
  [1m[35m (0.5ms)[0m  DROP INDEX "index_users_on_reset_password_token"
  [1m[36m (0.1ms)[0m  [1m            SELECT sql
            FROM sqlite_master
            WHERE name='index_users_on_email' AND type='index'
            UNION ALL
            SELECT sql
            FROM sqlite_temp_master
            WHERE name='index_users_on_email' AND type='index'
[0m
  [1m[35m (7.9ms)[0m  DROP INDEX "index_users_on_email"
  [1m[36m (0.3ms)[0m  [1mDROP TABLE "users"[0m
  [1m[35mSQL (0.4ms)[0m  DELETE FROM "schema_migrations" WHERE "schema_migrations"."version" = ?  [["version", "20160116055801"]]
  [1m[36m (22.6ms)[0m  [1mcommit transaction[0m
  [1m[35mActiveRecord::SchemaMigration Load (0.1ms)[0m  SELECT "schema_migrations".* FROM "schema_migrations"
  [1m[36mActiveRecord::SchemaMigration Load (0.2ms)[0m  [1mSELECT "schema_migrations".* FROM "schema_migrations"[0m
Migrating to DeviseCreateUsers (20160116055801)
  [1m[35m (0.2ms)[0m  begin transaction
  [1m[36m (0.9ms)[0m  [1mCREATE TABLE "users" ("id" INTEGER PRIMARY KEY AUTOINCREMENT NOT NULL, "email" varchar DEFAULT '' NOT NULL, "encrypted_password" varchar DEFAULT '' NOT NULL, "reset_password_token" varchar, "reset_password_sent_at" datetime, "remember_created_at" datetime, "sign_in_count" integer DEFAULT 0 NOT NULL, "current_sign_in_at" datetime, "last_sign_in_at" datetime, "current_sign_in_ip" varchar, "last_sign_in_ip" varchar, "confirmation_token" varchar, "confirmed_at" datetime, "confirmation_sent_at" datetime, "unconfirmed_email" varchar, "created_at" datetime NOT NULL, "updated_at" datetime NOT NULL) [0m
  [1m[35m (0.1ms)[0m  select sqlite_version(*)
  [1m[36m (0.5ms)[0m  [1mCREATE UNIQUE INDEX "index_users_on_email" ON "users" ("email")[0m
  [1m[35m (0.1ms)[0m              SELECT sql
            FROM sqlite_master
            WHERE name='index_users_on_email' AND type='index'
            UNION ALL
            SELECT sql
            FROM sqlite_temp_master
            WHERE name='index_users_on_email' AND type='index'

  [1m[36m (0.2ms)[0m  [1mCREATE UNIQUE INDEX "index_users_on_reset_password_token" ON "users" ("reset_password_token")[0m
  [1m[35mSQL (0.7ms)[0m  INSERT INTO "schema_migrations" ("version") VALUES (?)  [["version", "20160116055801"]]
  [1m[36m (12.7ms)[0m  [1mcommit transaction[0m
  [1m[35mActiveRecord::SchemaMigration Load (0.5ms)[0m  SELECT "schema_migrations".* FROM "schema_migrations"
  [1m[36m (0.3ms)[0m  [1m            SELECT sql
            FROM sqlite_master
            WHERE name='index_users_on_reset_password_token' AND type='index'
            UNION ALL
            SELECT sql
            FROM sqlite_temp_master
            WHERE name='index_users_on_reset_password_token' AND type='index'
[0m
  [1m[35m (0.2ms)[0m              SELECT sql
            FROM sqlite_master
            WHERE name='index_users_on_email' AND type='index'
            UNION ALL
            SELECT sql
            FROM sqlite_temp_master
            WHERE name='index_users_on_email' AND type='index'



Started GET "/" for 108.46.169.188 at 2016-01-16 16:16:19 +0000
  [1m[36mActiveRecord::SchemaMigration Load (0.3ms)[0m  [1mSELECT "schema_migrations".* FROM "schema_migrations"[0m
Processing by WelcomeController#index as HTML
  [1m[35mUser Load (0.4ms)[0m  SELECT  "users".* FROM "users" WHERE "users"."id" = ?  ORDER BY "users"."id" ASC LIMIT 1  [["id", 4]]
Completed 401 Unauthorized in 52ms (ActiveRecord: 1.2ms)


Started GET "/users/sign_in" for 108.46.169.188 at 2016-01-16 16:16:19 +0000
Processing by Devise::SessionsController#new as HTML
  Rendered /usr/local/rvm/gems/ruby-2.3.0/gems/devise-3.5.3/app/views/devise/shared/_links.html.erb (19.1ms)
  Rendered /usr/local/rvm/gems/ruby-2.3.0/gems/devise-3.5.3/app/views/devise/sessions/new.html.erb within layouts/application (85.6ms)
Completed 200 OK in 556ms (Views: 522.1ms | ActiveRecord: 0.0ms)


Started GET "/users/sign_up" for 108.46.169.188 at 2016-01-16 16:16:23 +0000
Processing by Devise::RegistrationsController#new as HTML
  Rendered /usr/local/rvm/gems/ruby-2.3.0/gems/devise-3.5.3/app/views/devise/shared/_links.html.erb (8.7ms)
  Rendered /usr/local/rvm/gems/ruby-2.3.0/gems/devise-3.5.3/app/views/devise/registrations/new.html.erb within layouts/application (19.8ms)
Completed 200 OK in 154ms (Views: 151.4ms | ActiveRecord: 0.0ms)


Started POST "/users" for 108.46.169.188 at 2016-01-16 16:16:29 +0000
Processing by Devise::RegistrationsController#create as HTML
  Parameters: {"utf8"=>"✓", "authenticity_token"=>"3UQdqjHu/G24wL2zVrx8N1b4hKbxYWLoAAP6WMqjVmNeP0RyZgYkfXtuZqCeJ1/vhL+Wz6CHzVRO77puI4444g==", "user"=>{"email"=>"rrp54@cornell.edu", "password"=>"[FILTERED]", "password_confirmation"=>"[FILTERED]"}, "commit"=>"Sign up"}
  [1m[36m (0.2ms)[0m  [1mbegin transaction[0m
  [1m[35mUser Exists (0.3ms)[0m  SELECT  1 AS one FROM "users" WHERE "users"."email" = 'rrp54@cornell.edu' LIMIT 1
  [1m[36mUser Load (0.4ms)[0m  [1mSELECT  "users".* FROM "users" WHERE "users"."confirmation_token" = ?  ORDER BY "users"."id" ASC LIMIT 1[0m  [["confirmation_token", "1fe5ce097b9bc231a5c5bf6852fb51cba92616701098c7cf07ce74e2671b1ec5"]]
  [1m[35mSQL (0.8ms)[0m  INSERT INTO "users" ("email", "encrypted_password", "created_at", "updated_at", "confirmation_token", "confirmation_sent_at") VALUES (?, ?, ?, ?, ?, ?)  [["email", "rrp54@cornell.edu"], ["encrypted_password", "$2a$10$8xdn6Bt7O4aCxukCSoG4DOsnmwMLDvOOjx4kmJ8aYuMDIqlFJTFp."], ["created_at", "2016-01-16 16:16:29.692157"], ["updated_at", "2016-01-16 16:16:29.692157"], ["confirmation_token", "pLTk9Ds2xCv7txnR62s3"], ["confirmation_sent_at", "2016-01-16 16:16:29.963972"]]
  Rendered /usr/local/rvm/gems/ruby-2.3.0/gems/devise-3.5.3/app/views/devise/mailer/confirmation_instructions.html.erb (7.5ms)

Devise::Mailer#confirmation_instructions: processed outbound mail in 405.5ms

Sent mail to rrp54@cornell.edu (29.5ms)
Date: Sat, 16 Jan 2016 16:16:30 +0000
From: please-change-me-at-config-initializers-devise@example.com
Reply-To: please-change-me-at-config-initializers-devise@example.com
To: rrp54@cornell.edu
Message-ID: <569a6cde655c5_10533f8ee86a96d44723e@oceansource-blocipedia-2411923.mail>
Subject: Confirmation instructions
Mime-Version: 1.0
Content-Type: text/html;
 charset=UTF-8
Content-Transfer-Encoding: 7bit

<p>Welcome rrp54@cornell.edu!</p>

<p>You can confirm your account email through the link below:</p>

<p><a href="http://localhost:3000/users/confirmation?confirmation_token=pLTk9Ds2xCv7txnR62s3">Confirm my account</a></p>

  [1m[36m (19.1ms)[0m  [1mcommit transaction[0m
Redirected to https://blocipedia-oceansource.c9users.io/
Completed 302 Found in 1041ms (ActiveRecord: 20.7ms)


Started GET "/" for 108.46.169.188 at 2016-01-16 16:16:30 +0000
Processing by WelcomeController#index as HTML
Completed 401 Unauthorized in 1ms (ActiveRecord: 0.0ms)


Started GET "/users/sign_in" for 108.46.169.188 at 2016-01-16 16:16:30 +0000
Processing by Devise::SessionsController#new as HTML
  Rendered /usr/local/rvm/gems/ruby-2.3.0/gems/devise-3.5.3/app/views/devise/shared/_links.html.erb (5.4ms)
  Rendered /usr/local/rvm/gems/ruby-2.3.0/gems/devise-3.5.3/app/views/devise/sessions/new.html.erb within layouts/application (13.5ms)
Completed 200 OK in 74ms (Views: 72.4ms | ActiveRecord: 0.0ms)
  [1m[36m (19.5ms)[0m  [1mCREATE TABLE "users" ("id" INTEGER PRIMARY KEY AUTOINCREMENT NOT NULL, "email" varchar DEFAULT '' NOT NULL, "encrypted_password" varchar DEFAULT '' NOT NULL, "reset_password_token" varchar, "reset_password_sent_at" datetime, "remember_created_at" datetime, "sign_in_count" integer DEFAULT 0 NOT NULL, "current_sign_in_at" datetime, "last_sign_in_at" datetime, "current_sign_in_ip" varchar, "last_sign_in_ip" varchar, "confirmation_token" varchar, "confirmed_at" datetime, "confirmation_sent_at" datetime, "unconfirmed_email" varchar, "created_at" datetime NOT NULL, "updated_at" datetime NOT NULL) [0m
  [1m[35m (0.3ms)[0m  select sqlite_version(*)
  [1m[36m (11.3ms)[0m  [1mCREATE UNIQUE INDEX "index_users_on_email" ON "users" ("email")[0m
  [1m[35m (0.3ms)[0m              SELECT sql
            FROM sqlite_master
            WHERE name='index_users_on_email' AND type='index'
            UNION ALL
            SELECT sql
            FROM sqlite_temp_master
            WHERE name='index_users_on_email' AND type='index'

  [1m[36m (13.5ms)[0m  [1mCREATE UNIQUE INDEX "index_users_on_reset_password_token" ON "users" ("reset_password_token")[0m
  [1m[35m (10.8ms)[0m  CREATE TABLE "schema_migrations" ("version" varchar NOT NULL) 
  [1m[36m (12.6ms)[0m  [1mCREATE UNIQUE INDEX "unique_schema_migrations" ON "schema_migrations" ("version")[0m
  [1m[35m (0.3ms)[0m  SELECT version FROM "schema_migrations"
  [1m[36m (10.4ms)[0m  [1mINSERT INTO "schema_migrations" (version) VALUES ('20160116055801')[0m
  [1m[35m (13.6ms)[0m  CREATE TABLE "users" ("id" INTEGER PRIMARY KEY AUTOINCREMENT NOT NULL, "email" varchar DEFAULT '' NOT NULL, "encrypted_password" varchar DEFAULT '' NOT NULL, "reset_password_token" varchar, "reset_password_sent_at" datetime, "remember_created_at" datetime, "sign_in_count" integer DEFAULT 0 NOT NULL, "current_sign_in_at" datetime, "last_sign_in_at" datetime, "current_sign_in_ip" varchar, "last_sign_in_ip" varchar, "confirmation_token" varchar, "confirmed_at" datetime, "confirmation_sent_at" datetime, "unconfirmed_email" varchar, "created_at" datetime NOT NULL, "updated_at" datetime NOT NULL) 
  [1m[36m (0.1ms)[0m  [1mselect sqlite_version(*)[0m
  [1m[35m (13.7ms)[0m  CREATE UNIQUE INDEX "index_users_on_email" ON "users" ("email")
  [1m[36m (0.3ms)[0m  [1m            SELECT sql
            FROM sqlite_master
            WHERE name='index_users_on_email' AND type='index'
            UNION ALL
            SELECT sql
            FROM sqlite_temp_master
            WHERE name='index_users_on_email' AND type='index'
[0m
  [1m[35m (10.9ms)[0m  CREATE UNIQUE INDEX "index_users_on_reset_password_token" ON "users" ("reset_password_token")
  [1m[36m (11.1ms)[0m  [1mCREATE TABLE "schema_migrations" ("version" varchar NOT NULL) [0m
  [1m[35m (14.4ms)[0m  CREATE UNIQUE INDEX "unique_schema_migrations" ON "schema_migrations" ("version")
  [1m[36m (0.3ms)[0m  [1mSELECT version FROM "schema_migrations"[0m
  [1m[35m (22.8ms)[0m  INSERT INTO "schema_migrations" (version) VALUES ('20160116055801')
  [1m[36mActiveRecord::SchemaMigration Load (0.2ms)[0m  [1mSELECT "schema_migrations".* FROM "schema_migrations"[0m


Started GET "/users/sign_up" for 108.46.169.188 at 2016-01-16 16:27:49 +0000
  [1m[36mActiveRecord::SchemaMigration Load (0.2ms)[0m  [1mSELECT "schema_migrations".* FROM "schema_migrations"[0m
Processing by Devise::RegistrationsController#new as HTML
  Rendered /usr/local/rvm/gems/ruby-2.3.0/gems/devise-3.5.3/app/views/devise/shared/_links.html.erb (9.2ms)
  Rendered /usr/local/rvm/gems/ruby-2.3.0/gems/devise-3.5.3/app/views/devise/registrations/new.html.erb within layouts/application (81.6ms)
Completed 200 OK in 533ms (Views: 469.8ms | ActiveRecord: 0.8ms)


Started POST "/users" for 108.46.169.188 at 2016-01-16 16:27:56 +0000
Processing by Devise::RegistrationsController#create as HTML
  Parameters: {"utf8"=>"✓", "authenticity_token"=>"uYnTcZK3K8nGg9Gkxz36Y2H+SePSIWVNAUxQc33opmY68oqpxV/z2QUtCrcPptm7s7lbioPHyvFPoBBFlMXI5w==", "user"=>{"email"=>"richardrpanzer@gmail.com", "password"=>"[FILTERED]", "password_confirmation"=>"[FILTERED]"}, "commit"=>"Sign up"}
  [1m[35m (0.1ms)[0m  begin transaction
  [1m[36mUser Exists (0.2ms)[0m  [1mSELECT  1 AS one FROM "users" WHERE "users"."email" = 'richardrpanzer@gmail.com' LIMIT 1[0m
  [1m[35mUser Load (0.9ms)[0m  SELECT  "users".* FROM "users" WHERE "users"."confirmation_token" = ?  ORDER BY "users"."id" ASC LIMIT 1  [["confirmation_token", "acfb4c4a01701111c20ebdb46b64df85f7d24618a6bd4ca2514044f6f766f4f4"]]
  [1m[36mSQL (0.5ms)[0m  [1mINSERT INTO "users" ("email", "encrypted_password", "created_at", "updated_at", "confirmation_token", "confirmation_sent_at") VALUES (?, ?, ?, ?, ?, ?)[0m  [["email", "richardrpanzer@gmail.com"], ["encrypted_password", "$2a$10$0LgABLBU5g1mupNpwSdTKeMfk3aELdV0.xqxKQpDWuMxTCJlm8A.m"], ["created_at", "2016-01-16 16:27:56.299771"], ["updated_at", "2016-01-16 16:27:56.299771"], ["confirmation_token", "urD8A3WgqPuWCu2sB5iz"], ["confirmation_sent_at", "2016-01-16 16:27:56.532241"]]
  Rendered /usr/local/rvm/gems/ruby-2.3.0/gems/devise-3.5.3/app/views/devise/mailer/confirmation_instructions.html.erb (22.0ms)

Devise::Mailer#confirmation_instructions: processed outbound mail in 292.5ms

Sent mail to richardrpanzer@gmail.com (595.8ms)
Date: Sat, 16 Jan 2016 16:27:56 +0000
From: please-change-me-at-config-initializers-devise@example.com
Reply-To: please-change-me-at-config-initializers-devise@example.com
To: richardrpanzer@gmail.com
Message-ID: <569a6f8cd6097_11e125fe73455797@oceansource-blocipedia-2411923.mail>
Subject: Confirmation instructions
Mime-Version: 1.0
Content-Type: text/html;
 charset=UTF-8
Content-Transfer-Encoding: 7bit

<p>Welcome richardrpanzer@gmail.com!</p>

<p>You can confirm your account email through the link below:</p>

<p><a href="http://localhost:3000/users/confirmation?confirmation_token=urD8A3WgqPuWCu2sB5iz">Confirm my account</a></p>

  [1m[35m (10.2ms)[0m  commit transaction
Redirected to https://blocipedia-oceansource.c9users.io/
Completed 302 Found in 1296ms (ActiveRecord: 11.9ms)


Started GET "/" for 108.46.169.188 at 2016-01-16 16:27:57 +0000
Processing by WelcomeController#index as HTML
Completed 401 Unauthorized in 1ms (ActiveRecord: 0.0ms)


Started GET "/users/sign_in" for 108.46.169.188 at 2016-01-16 16:27:57 +0000
Processing by Devise::SessionsController#new as HTML
  Rendered /usr/local/rvm/gems/ruby-2.3.0/gems/devise-3.5.3/app/views/devise/shared/_links.html.erb (12.6ms)
  Rendered /usr/local/rvm/gems/ruby-2.3.0/gems/devise-3.5.3/app/views/devise/sessions/new.html.erb within layouts/application (29.9ms)
Completed 200 OK in 87ms (Views: 85.2ms | ActiveRecord: 0.0ms)


Started GET "/confirmation?confirmation_token=urD8A3WgqPuWCu2sB5iz&" for 108.46.169.188 at 2016-01-16 16:31:03 +0000
  [1m[36mActiveRecord::SchemaMigration Load (0.3ms)[0m  [1mSELECT "schema_migrations".* FROM "schema_migrations"[0m

ActionController::RoutingError (No route matches [GET] "/confirmation"):
  actionpack (4.2.5) lib/action_dispatch/middleware/debug_exceptions.rb:21:in `call'
  actionpack (4.2.5) lib/action_dispatch/middleware/show_exceptions.rb:30:in `call'
  railties (4.2.5) lib/rails/rack/logger.rb:38:in `call_app'
  railties (4.2.5) lib/rails/rack/logger.rb:20:in `block in call'
  activesupport (4.2.5) lib/active_support/tagged_logging.rb:68:in `block in tagged'
  activesupport (4.2.5) lib/active_support/tagged_logging.rb:26:in `tagged'
  activesupport (4.2.5) lib/active_support/tagged_logging.rb:68:in `tagged'
  railties (4.2.5) lib/rails/rack/logger.rb:20:in `call'
  actionpack (4.2.5) lib/action_dispatch/middleware/request_id.rb:21:in `call'
  rack (1.6.4) lib/rack/methodoverride.rb:22:in `call'
  rack (1.6.4) lib/rack/runtime.rb:18:in `call'
  activesupport (4.2.5) lib/active_support/cache/strategy/local_cache_middleware.rb:28:in `call'
  rack (1.6.4) lib/rack/lock.rb:17:in `call'
  actionpack (4.2.5) lib/action_dispatch/middleware/static.rb:116:in `call'
  rack (1.6.4) lib/rack/sendfile.rb:113:in `call'
  railties (4.2.5) lib/rails/engine.rb:518:in `call'
  railties (4.2.5) lib/rails/application.rb:165:in `call'
  rack (1.6.4) lib/rack/lock.rb:17:in `call'
  rack (1.6.4) lib/rack/content_length.rb:15:in `call'
  rack (1.6.4) lib/rack/handler/webrick.rb:88:in `service'
  /usr/local/rvm/rubies/ruby-2.3.0/lib/ruby/2.3.0/webrick/httpserver.rb:140:in `service'
  /usr/local/rvm/rubies/ruby-2.3.0/lib/ruby/2.3.0/webrick/httpserver.rb:96:in `run'
  /usr/local/rvm/rubies/ruby-2.3.0/lib/ruby/2.3.0/webrick/server.rb:296:in `block in start_thread'


  Rendered /usr/local/rvm/gems/ruby-2.3.0/gems/actionpack-4.2.5/lib/action_dispatch/middleware/templates/rescues/_trace.html.erb (1.7ms)
  Rendered /usr/local/rvm/gems/ruby-2.3.0/gems/actionpack-4.2.5/lib/action_dispatch/middleware/templates/routes/_route.html.erb (1.9ms)
  Rendered /usr/local/rvm/gems/ruby-2.3.0/gems/actionpack-4.2.5/lib/action_dispatch/middleware/templates/routes/_table.html.erb (25.8ms)
  Rendered /usr/local/rvm/gems/ruby-2.3.0/gems/actionpack-4.2.5/lib/action_dispatch/middleware/templates/rescues/_request_and_response.html.erb (24.4ms)
  Rendered /usr/local/rvm/gems/ruby-2.3.0/gems/actionpack-4.2.5/lib/action_dispatch/middleware/templates/rescues/routing_error.html.erb within rescues/layout (149.3ms)


Started GET "/users/confirmation?confirmation_token=urD8A3WgqPuWCu2sB5iz&" for 108.46.169.188 at 2016-01-16 16:31:16 +0000
Processing by Devise::ConfirmationsController#show as HTML
  Parameters: {"confirmation_token"=>"urD8A3WgqPuWCu2sB5iz"}
  [1m[35mUser Load (0.3ms)[0m  SELECT  "users".* FROM "users" WHERE "users"."confirmation_token" = ?  ORDER BY "users"."id" ASC LIMIT 1  [["confirmation_token", "urD8A3WgqPuWCu2sB5iz"]]
  [1m[36m (0.1ms)[0m  [1mbegin transaction[0m
  [1m[35mSQL (0.6ms)[0m  UPDATE "users" SET "confirmed_at" = ?, "updated_at" = ? WHERE "users"."id" = ?  [["confirmed_at", "2016-01-16 16:31:16.593176"], ["updated_at", "2016-01-16 16:31:16.594100"], ["id", 1]]
  [1m[36m (8.2ms)[0m  [1mcommit transaction[0m
Redirected to https://blocipedia-oceansource.c9users.io/users/sign_in
Completed 302 Found in 75ms (ActiveRecord: 10.0ms)


Started GET "/users/sign_in" for 108.46.169.188 at 2016-01-16 16:31:16 +0000
Processing by Devise::SessionsController#new as HTML
  Rendered /usr/local/rvm/gems/ruby-2.3.0/gems/devise-3.5.3/app/views/devise/shared/_links.html.erb (14.1ms)
  Rendered /usr/local/rvm/gems/ruby-2.3.0/gems/devise-3.5.3/app/views/devise/sessions/new.html.erb within layouts/application (45.2ms)
Completed 200 OK in 404ms (Views: 401.4ms | ActiveRecord: 0.0ms)


Started POST "/users/sign_in" for 108.46.169.188 at 2016-01-16 16:31:23 +0000
Processing by Devise::SessionsController#create as HTML
  Parameters: {"utf8"=>"✓", "authenticity_token"=>"E7d3wpC9zSmrHZgXUNe3VVrWMOEOKguqJVAfgDK3lgeQzC4ax1UVOWizQwSYTJSNiJEiiF/MpBZrvF+225r4hg==", "user"=>{"email"=>"richardrpanzer@gmail.com", "password"=>"[FILTERED]", "remember_me"=>"0"}, "commit"=>"Log in"}
  [1m[35mUser Load (0.4ms)[0m  SELECT  "users".* FROM "users" WHERE "users"."email" = ?  ORDER BY "users"."id" ASC LIMIT 1  [["email", "richardrpanzer@gmail.com"]]
  [1m[36m (0.1ms)[0m  [1mbegin transaction[0m
  [1m[35mSQL (0.5ms)[0m  UPDATE "users" SET "last_sign_in_at" = ?, "current_sign_in_at" = ?, "last_sign_in_ip" = ?, "current_sign_in_ip" = ?, "sign_in_count" = ?, "updated_at" = ? WHERE "users"."id" = ?  [["last_sign_in_at", "2016-01-16 16:31:23.878021"], ["current_sign_in_at", "2016-01-16 16:31:23.878021"], ["last_sign_in_ip", "108.46.169.188"], ["current_sign_in_ip", "108.46.169.188"], ["sign_in_count", 1], ["updated_at", "2016-01-16 16:31:23.880648"], ["id", 1]]
  [1m[36m (15.4ms)[0m  [1mcommit transaction[0m
Redirected to https://blocipedia-oceansource.c9users.io/
Completed 302 Found in 162ms (ActiveRecord: 16.5ms)


Started GET "/" for 108.46.169.188 at 2016-01-16 16:31:23 +0000
Processing by WelcomeController#index as HTML
  [1m[35mUser Load (0.5ms)[0m  SELECT  "users".* FROM "users" WHERE "users"."id" = ?  ORDER BY "users"."id" ASC LIMIT 1  [["id", 1]]
  Rendered welcome/index.html.erb within layouts/application (1.5ms)
Completed 200 OK in 114ms (Views: 108.5ms | ActiveRecord: 0.5ms)
